#
# There is insufficient memory for the Java Runtime Environment to continue.
# Native memory allocation (malloc) failed to allocate 65552 bytes for Chunk::new
# Possible reasons:
#   The system is out of physical RAM or swap space
#   In 32 bit mode, the process size limit was hit
# Possible solutions:
#   Reduce memory load on the system
#   Increase physical memory or swap space
#   Check if swap backing store is full
#   Use 64 bit Java on a 64 bit OS
#   Decrease Java heap size (-Xmx/-Xms)
#   Decrease number of Java threads
#   Decrease Java thread stack sizes (-Xss)
#   Set larger code cache with -XX:ReservedCodeCacheSize=
# This output file may be truncated or incomplete.
#
#  Out of Memory Error (allocation.cpp:390), pid=19004, tid=0x0000000000001a0c
#
# JRE version: Java(TM) SE Runtime Environment (8.0_111-b14) (build 1.8.0_111-b14)
# Java VM: Java HotSpot(TM) 64-Bit Server VM (25.111-b14 mixed mode windows-amd64 compressed oops)
# Failed to write core dump. Minidumps are not enabled by default on client versions of Windows
#

---------------  T H R E A D  ---------------

Current thread (0x000000001c850000):  JavaThread "C2 CompilerThread0" daemon [_thread_in_native, id=6668, stack(0x000000001dfc0000,0x000000001e0c0000)]

Stack: [0x000000001dfc0000,0x000000001e0c0000]
[error occurred during error reporting (printing stack bounds), id 0xc0000005]

Native frames: (J=compiled Java code, j=interpreted, Vv=VM code, C=native code)


Current CompileTask:
C2:  10650 4869   !   4       com.sun.tools.javac.file.JavacFileManager::listContainer (94 bytes)


---------------  P R O C E S S  ---------------

Java Threads: ( => current thread )
  0x000000001c8ac800 JavaThread "Service Thread" daemon [_thread_blocked, id=20156, stack(0x000000001e6c0000,0x000000001e7c0000)]
  0x000000001e1d0800 JavaThread "C1 CompilerThread2" daemon [_thread_blocked, id=16144, stack(0x000000001e5c0000,0x000000001e6c0000)]
  0x000000001c852000 JavaThread "C2 CompilerThread1" daemon [_thread_in_native, id=23300, stack(0x000000001e0c0000,0x000000001e1c0000)]
=>0x000000001c850000 JavaThread "C2 CompilerThread0" daemon [_thread_in_native, id=6668, stack(0x000000001dfc0000,0x000000001e0c0000)]
  0x000000001c84c000 JavaThread "Attach Listener" daemon [_thread_blocked, id=23316, stack(0x000000001dec0000,0x000000001dfc0000)]
  0x000000001c84a800 JavaThread "Signal Dispatcher" daemon [_thread_blocked, id=15256, stack(0x000000001ddc0000,0x000000001dec0000)]
  0x000000001c839800 JavaThread "Finalizer" daemon [_thread_blocked, id=23028, stack(0x000000001daa0000,0x000000001dba0000)]
  0x0000000003281000 JavaThread "Reference Handler" daemon [_thread_blocked, id=22348, stack(0x000000001d9a0000,0x000000001daa0000)]
  0x000000000318e000 JavaThread "main" [_thread_in_native, id=13384, stack(0x0000000003010000,0x0000000003110000)]

Other Threads:
  0x000000001c817800 VMThread [stack: 0x000000001d8a0000,0x000000001d9a0000] [id=12636]
  0x000000001e1d2800 WatcherThread [stack: 0x000000001e7c0000,0x000000001e8c0000] [id=16140]

VM state:not at safepoint (normal execution)

VM Mutex/Monitor currently owned by a thread: None

Heap:
 PSYoungGen      total 111104K, used 24205K [0x000000076b500000, 0x0000000776900000, 0x00000007c0000000)
  eden space 94208K, 25% used [0x000000076b500000,0x000000076cca35e0,0x0000000771100000)
  from space 16896K, 0% used [0x0000000771100000,0x0000000771100000,0x0000000772180000)
  to   space 22016K, 0% used [0x0000000775380000,0x0000000775380000,0x0000000776900000)
 ParOldGen       total 120320K, used 37019K [0x00000006c1e00000, 0x00000006c9380000, 0x000000076b500000)
  object space 120320K, 30% used [0x00000006c1e00000,0x00000006c4226f90,0x00000006c9380000)
 Metaspace       used 35475K, capacity 36288K, committed 36392K, reserved 1081344K
  class space    used 4051K, capacity 4288K, committed 4392K, reserved 1048576K

Card table byte_map: [0x0000000012650000,0x0000000012e50000] byte_map_base: 0x000000000f041000

Marking Bits: (ParMarkBitMap*) 0x000000006480a6c0
 Begin Bits: [0x00000000137a0000, 0x0000000017728000)
 End Bits:   [0x0000000017728000, 0x000000001b6b0000)

Polling page: 0x0000000001790000

CodeCache: size=245760Kb used=15531Kb max_used=15531Kb free=230229Kb
 bounds [0x0000000003290000, 0x00000000041d0000, 0x0000000012290000]
 total_blobs=4833 nmethods=4388 adapters=357
 compilation: enabled

Compilation events (10 events):
Event: 10.643 Thread 0x000000001e1d0800 4874       3       com.sun.tools.javac.jvm.ClassReader::enterClass (130 bytes)
Event: 10.645 Thread 0x000000001e1d0800 nmethod 4874 0x00000000041bf890 code [0x00000000041bfc00, 0x00000000041c1cc8]
Event: 10.646 Thread 0x000000001e1d0800 4875       3       com.sun.tools.javac.jvm.ClassReader::attachAnnotations (255 bytes)
Event: 10.647 Thread 0x000000001e1d0800 nmethod 4875 0x00000000041c2e10 code [0x00000000041c30c0, 0x00000000041c4688]
Event: 10.647 Thread 0x000000001e1d0800 4876       3       com.sun.tools.javac.jvm.ClassReader$AnnotationCompleter::<init> (29 bytes)
Event: 10.647 Thread 0x000000001e1d0800 nmethod 4876 0x00000000041ba6d0 code [0x00000000041ba840, 0x00000000041baa88]
Event: 10.647 Thread 0x000000001e1d0800 4877       3       com.sun.tools.javac.jvm.ClassReader$4::read (37 bytes)
Event: 10.648 Thread 0x000000001e1d0800 nmethod 4877 0x00000000041c5210 code [0x00000000041c5440, 0x00000000041c6198]
Event: 10.648 Thread 0x000000001e1d0800 4878       3       com.sun.tools.javac.code.Symbol$VarSymbol::setData (22 bytes)
Event: 10.648 Thread 0x000000001e1d0800 nmethod 4878 0x00000000041c6810 code [0x00000000041c6a00, 0x00000000041c7388]

GC Heap History (10 events):
Event: 6.780 GC heap before
{Heap before GC invocations=5 (full 1):
 PSYoungGen      total 76288K, used 10737K [0x000000076b500000, 0x0000000770a00000, 0x00000007c0000000)
  eden space 65536K, 0% used [0x000000076b500000,0x000000076b500000,0x000000076f500000)
  from space 10752K, 99% used [0x000000076ff80000,0x00000007709fc550,0x0000000770a00000)
  to   space 10752K, 0% used [0x000000076f500000,0x000000076f500000,0x000000076ff80000)
 ParOldGen       total 175104K, used 5910K [0x00000006c1e00000, 0x00000006cc900000, 0x000000076b500000)
  object space 175104K, 3% used [0x00000006c1e00000,0x00000006c23c5878,0x00000006cc900000)
 Metaspace       used 20600K, capacity 21222K, committed 21296K, reserved 1069056K
  class space    used 2402K, capacity 2573K, committed 2608K, reserved 1048576K
Event: 6.857 GC heap after
Heap after GC invocations=5 (full 1):
 PSYoungGen      total 76288K, used 0K [0x000000076b500000, 0x0000000770a00000, 0x00000007c0000000)
  eden space 65536K, 0% used [0x000000076b500000,0x000000076b500000,0x000000076f500000)
  from space 10752K, 0% used [0x000000076ff80000,0x000000076ff80000,0x0000000770a00000)
  to   space 10752K, 0% used [0x000000076f500000,0x000000076f500000,0x000000076ff80000)
 ParOldGen       total 120320K, used 14692K [0x00000006c1e00000, 0x00000006c9380000, 0x000000076b500000)
  object space 120320K, 12% used [0x00000006c1e00000,0x00000006c2c593a0,0x00000006c9380000)
 Metaspace       used 20600K, capacity 21222K, committed 21296K, reserved 1069056K
  class space    used 2402K, capacity 2573K, committed 2608K, reserved 1048576K
}
Event: 7.601 GC heap before
{Heap before GC invocations=6 (full 1):
 PSYoungGen      total 76288K, used 65536K [0x000000076b500000, 0x0000000770a00000, 0x00000007c0000000)
  eden space 65536K, 100% used [0x000000076b500000,0x000000076f500000,0x000000076f500000)
  from space 10752K, 0% used [0x000000076ff80000,0x000000076ff80000,0x0000000770a00000)
  to   space 10752K, 0% used [0x000000076f500000,0x000000076f500000,0x000000076ff80000)
 ParOldGen       total 120320K, used 14692K [0x00000006c1e00000, 0x00000006c9380000, 0x000000076b500000)
  object space 120320K, 12% used [0x00000006c1e00000,0x00000006c2c593a0,0x00000006c9380000)
 Metaspace       used 23103K, capacity 23750K, committed 23856K, reserved 1071104K
  class space    used 2697K, capacity 2861K, committed 2864K, reserved 1048576K
Event: 7.610 GC heap after
Heap after GC invocations=6 (full 1):
 PSYoungGen      total 76288K, used 9860K [0x000000076b500000, 0x0000000773000000, 0x00000007c0000000)
  eden space 65536K, 0% used [0x000000076b500000,0x000000076b500000,0x000000076f500000)
  from space 10752K, 91% used [0x000000076f500000,0x000000076fea13c0,0x000000076ff80000)
  to   space 14848K, 0% used [0x0000000772180000,0x0000000772180000,0x0000000773000000)
 ParOldGen       total 120320K, used 14700K [0x00000006c1e00000, 0x00000006c9380000, 0x000000076b500000)
  object space 120320K, 12% used [0x00000006c1e00000,0x00000006c2c5b3a0,0x00000006c9380000)
 Metaspace       used 23103K, capacity 23750K, committed 23856K, reserved 1071104K
  class space    used 2697K, capacity 2861K, committed 2864K, reserved 1048576K
}
Event: 9.414 GC heap before
{Heap before GC invocations=7 (full 1):
 PSYoungGen      total 76288K, used 75396K [0x000000076b500000, 0x0000000773000000, 0x00000007c0000000)
  eden space 65536K, 100% used [0x000000076b500000,0x000000076f500000,0x000000076f500000)
  from space 10752K, 91% used [0x000000076f500000,0x000000076fea13c0,0x000000076ff80000)
  to   space 14848K, 0% used [0x0000000772180000,0x0000000772180000,0x0000000773000000)
 ParOldGen       total 120320K, used 14700K [0x00000006c1e00000, 0x00000006c9380000, 0x000000076b500000)
  object space 120320K, 12% used [0x00000006c1e00000,0x00000006c2c5b3a0,0x00000006c9380000)
 Metaspace       used 24655K, capacity 25354K, committed 25648K, reserved 1071104K
  class space    used 2857K, capacity 3033K, committed 3120K, reserved 1048576K
Event: 9.426 GC heap after
Heap after GC invocations=7 (full 1):
 PSYoungGen      total 109056K, used 14822K [0x000000076b500000, 0x0000000773280000, 0x00000007c0000000)
  eden space 94208K, 0% used [0x000000076b500000,0x000000076b500000,0x0000000771100000)
  from space 14848K, 99% used [0x0000000772180000,0x0000000772ff9ad0,0x0000000773000000)
  to   space 16896K, 0% used [0x0000000771100000,0x0000000771100000,0x0000000772180000)
 ParOldGen       total 120320K, used 15964K [0x00000006c1e00000, 0x00000006c9380000, 0x000000076b500000)
  object space 120320K, 13% used [0x00000006c1e00000,0x00000006c2d971a8,0x00000006c9380000)
 Metaspace       used 24655K, capacity 25354K, committed 25648K, reserved 1071104K
  class space    used 2857K, capacity 3033K, committed 3120K, reserved 1048576K
}
Event: 10.365 GC heap before
{Heap before GC invocations=8 (full 1):
 PSYoungGen      total 109056K, used 97276K [0x000000076b500000, 0x0000000773280000, 0x00000007c0000000)
  eden space 94208K, 87% used [0x000000076b500000,0x0000000770585818,0x0000000771100000)
  from space 14848K, 99% used [0x0000000772180000,0x0000000772ff9ad0,0x0000000773000000)
  to   space 16896K, 0% used [0x0000000771100000,0x0000000771100000,0x0000000772180000)
 ParOldGen       total 120320K, used 15964K [0x00000006c1e00000, 0x00000006c9380000, 0x000000076b500000)
  object space 120320K, 13% used [0x00000006c1e00000,0x00000006c2d971a8,0x00000006c9380000)
 Metaspace       used 34683K, capacity 35392K, committed 35496K, reserved 1081344K
  class space    used 3957K, capacity 4160K, committed 4264K, reserved 1048576K
Event: 10.381 GC heap after
Heap after GC invocations=8 (full 1):
 PSYoungGen      total 111104K, used 16885K [0x000000076b500000, 0x0000000776900000, 0x00000007c0000000)
  eden space 94208K, 0% used [0x000000076b500000,0x000000076b500000,0x0000000771100000)
  from space 16896K, 99% used [0x0000000771100000,0x000000077217d408,0x0000000772180000)
  to   space 22016K, 0% used [0x0000000775380000,0x0000000775380000,0x0000000776900000)
 ParOldGen       total 120320K, used 22823K [0x00000006c1e00000, 0x00000006c9380000, 0x000000076b500000)
  object space 120320K, 18% used [0x00000006c1e00000,0x00000006c3449e70,0x00000006c9380000)
 Metaspace       used 34683K, capacity 35392K, committed 35496K, reserved 1081344K
  class space    used 3957K, capacity 4160K, committed 4264K, reserved 1048576K
}
Event: 10.381 GC heap before
{Heap before GC invocations=9 (full 2):
 PSYoungGen      total 111104K, used 16885K [0x000000076b500000, 0x0000000776900000, 0x00000007c0000000)
  eden space 94208K, 0% used [0x000000076b500000,0x000000076b500000,0x0000000771100000)
  from space 16896K, 99% used [0x0000000771100000,0x000000077217d408,0x0000000772180000)
  to   space 22016K, 0% used [0x0000000775380000,0x0000000775380000,0x0000000776900000)
 ParOldGen       total 120320K, used 22823K [0x00000006c1e00000, 0x00000006c9380000, 0x000000076b500000)
  object space 120320K, 18% used [0x00000006c1e00000,0x00000006c3449e70,0x00000006c9380000)
 Metaspace       used 34683K, capacity 35392K, committed 35496K, reserved 1081344K
  class space    used 3957K, capacity 4160K, committed 4264K, reserved 1048576K
Event: 10.470 GC heap after
Heap after GC invocations=9 (full 2):
 PSYoungGen      total 111104K, used 0K [0x000000076b500000, 0x0000000776900000, 0x00000007c0000000)
  eden space 94208K, 0% used [0x000000076b500000,0x000000076b500000,0x0000000771100000)
  from space 16896K, 0% used [0x0000000771100000,0x0000000771100000,0x0000000772180000)
  to   space 22016K, 0% used [0x0000000775380000,0x0000000775380000,0x0000000776900000)
 ParOldGen       total 120320K, used 37019K [0x00000006c1e00000, 0x00000006c9380000, 0x000000076b500000)
  object space 120320K, 30% used [0x00000006c1e00000,0x00000006c4226f90,0x00000006c9380000)
 Metaspace       used 34683K, capacity 35392K, committed 35496K, reserved 1081344K
  class space    used 3957K, capacity 4160K, committed 4264K, reserved 1048576K
}

Deoptimization events (10 events):
Event: 9.946 Thread 0x000000000318e000 Uncommon trap: reason=unstable_if action=reinterpret pc=0x0000000003aec2f8 method=java.net.URI$Parser.scan(IILjava/lang/String;Ljava/lang/String;)I @ 23
Event: 10.215 Thread 0x000000000318e000 Uncommon trap: reason=unstable_if action=reinterpret pc=0x0000000003f2bdb8 method=org.codehaus.plexus.classworlds.realm.Entry.matches(Ljava/lang/String;)Z @ 20
Event: 10.499 Thread 0x000000000318e000 Uncommon trap: reason=unstable_if action=reinterpret pc=0x0000000003ebef98 method=java.lang.Class.arrayContentsEq([Ljava/lang/Object;[Ljava/lang/Object;)Z @ 10
Event: 10.558 Thread 0x000000000318e000 Uncommon trap: reason=unstable_if action=reinterpret pc=0x00000000033cb980 method=java.util.Vector.contains(Ljava/lang/Object;)Z @ 6
Event: 10.577 Thread 0x000000000318e000 Uncommon trap: reason=class_check action=maybe_recompile pc=0x00000000033de1c4 method=java.util.ComparableTimSort.binarySort([Ljava/lang/Object;III)V @ 40
Event: 10.578 Thread 0x000000000318e000 Uncommon trap: reason=class_check action=maybe_recompile pc=0x00000000033de1c4 method=java.util.ComparableTimSort.binarySort([Ljava/lang/Object;III)V @ 40
Event: 10.586 Thread 0x000000000318e000 Uncommon trap: reason=speculate_class_check action=maybe_recompile pc=0x00000000041779d4 method=com.sun.tools.javac.code.Scope.enter(Lcom/sun/tools/javac/code/Symbol;Lcom/sun/tools/javac/code/Scope;)V @ 5
Event: 10.587 Thread 0x000000000318e000 Uncommon trap: reason=speculate_class_check action=maybe_recompile pc=0x00000000041779d4 method=com.sun.tools.javac.code.Scope.enter(Lcom/sun/tools/javac/code/Symbol;Lcom/sun/tools/javac/code/Scope;)V @ 5
Event: 10.587 Thread 0x000000000318e000 Uncommon trap: reason=speculate_class_check action=maybe_recompile pc=0x00000000041779d4 method=com.sun.tools.javac.code.Scope.enter(Lcom/sun/tools/javac/code/Symbol;Lcom/sun/tools/javac/code/Scope;)V @ 5
Event: 10.588 Thread 0x000000000318e000 Uncommon trap: reason=speculate_class_check action=maybe_recompile pc=0x00000000041779d4 method=com.sun.tools.javac.code.Scope.enter(Lcom/sun/tools/javac/code/Symbol;Lcom/sun/tools/javac/code/Scope;)V @ 5

Internal exceptions (10 events):
Event: 6.566 Thread 0x000000000318e000 Exception <a 'java/lang/ClassNotFoundException': com/sun/tools/javac/api/JavacTool> (0x000000076d4a3820) thrown at [C:\re\workspace\8-2-build-windows-amd64-cygwin\jdk8u111\7883\hotspot\src\share\vm\classfile\systemDictionary.cpp, line 210]
Event: 7.545 Thread 0x000000000318e000 Exception <a 'java/io/FileNotFoundException'> (0x000000076f1134a0) thrown at [C:\re\workspace\8-2-build-windows-amd64-cygwin\jdk8u111\7883\hotspot\src\share\vm\prims\jni.cpp, line 709]
Event: 7.572 Thread 0x000000000318e000 Exception <a 'java/io/FileNotFoundException'> (0x000000076f16a0c0) thrown at [C:\re\workspace\8-2-build-windows-amd64-cygwin\jdk8u111\7883\hotspot\src\share\vm\prims\jni.cpp, line 709]
Event: 9.121 Thread 0x000000000318e000 Implicit null exception at 0x000000000392d0b3 to 0x000000000392d4d9
Event: 9.125 Thread 0x000000000318e000 Implicit null exception at 0x000000000390c755 to 0x000000000390c959
Event: 9.903 Thread 0x000000000318e000 Implicit null exception at 0x00000000035f1d1b to 0x00000000035f21b1
Event: 10.556 Thread 0x000000000318e000 Exception <a 'java/io/FileNotFoundException'> (0x000000076c138838) thrown at [C:\re\workspace\8-2-build-windows-amd64-cygwin\jdk8u111\7883\hotspot\src\share\vm\prims\jni.cpp, line 709]
Event: 10.556 Thread 0x000000000318e000 Exception <a 'java/io/FileNotFoundException'> (0x000000076c1394d0) thrown at [C:\re\workspace\8-2-build-windows-amd64-cygwin\jdk8u111\7883\hotspot\src\share\vm\prims\jni.cpp, line 709]
Event: 10.557 Thread 0x000000000318e000 Exception <a 'java/io/FileNotFoundException'> (0x000000076c13a750) thrown at [C:\re\workspace\8-2-build-windows-amd64-cygwin\jdk8u111\7883\hotspot\src\share\vm\prims\jni.cpp, line 709]
Event: 10.557 Thread 0x000000000318e000 Exception <a 'java/io/FileNotFoundException'> (0x000000076c13b478) thrown at [C:\re\workspace\8-2-build-windows-amd64-cygwin\jdk8u111\7883\hotspot\src\share\vm\prims\jni.cpp, line 709]

Events (10 events):
Event: 10.586 Thread 0x000000000318e000 DEOPT UNPACKING pc=0x00000000032d582a sp=0x000000000310d4b0 mode 2
Event: 10.587 Thread 0x000000000318e000 Uncommon trap: trap_request=0xffffff76 fr.pc=0x00000000041779d4
Event: 10.587 Thread 0x000000000318e000 DEOPT PACKING pc=0x00000000041779d4 sp=0x000000000310d580
Event: 10.587 Thread 0x000000000318e000 DEOPT UNPACKING pc=0x00000000032d582a sp=0x000000000310d4b0 mode 2
Event: 10.587 Thread 0x000000000318e000 Uncommon trap: trap_request=0xffffff76 fr.pc=0x00000000041779d4
Event: 10.587 Thread 0x000000000318e000 DEOPT PACKING pc=0x00000000041779d4 sp=0x000000000310d580
Event: 10.587 Thread 0x000000000318e000 DEOPT UNPACKING pc=0x00000000032d582a sp=0x000000000310d4b0 mode 2
Event: 10.588 Thread 0x000000000318e000 Uncommon trap: trap_request=0xffffff76 fr.pc=0x00000000041779d4
Event: 10.588 Thread 0x000000000318e000 DEOPT PACKING pc=0x00000000041779d4 sp=0x000000000310d580
Event: 10.588 Thread 0x000000000318e000 DEOPT UNPACKING pc=0x00000000032d582a sp=0x000000000310d4b0 mode 2


Dynamic libraries:
0x00007ff69ff10000 - 0x00007ff69ff47000 	C:\Program Files\Java\jdk1.8.0_111\bin\java.exe
0x00007ffb1ff10000 - 0x00007ffb20108000 	C:\WINDOWS\SYSTEM32\ntdll.dll
0x00007ffae5360000 - 0x00007ffae5379000 	C:\Program Files\AVAST Software\Avast\aswhook.dll
0x00007ffb1e3b0000 - 0x00007ffb1e46f000 	C:\WINDOWS\System32\KERNEL32.DLL
0x00007ffb1d790000 - 0x00007ffb1da6a000 	C:\WINDOWS\System32\KERNELBASE.dll
0x00007ffb1eb30000 - 0x00007ffb1ebde000 	C:\WINDOWS\System32\ADVAPI32.dll
0x00007ffb1df70000 - 0x00007ffb1e00e000 	C:\WINDOWS\System32\msvcrt.dll
0x00007ffb1ebe0000 - 0x00007ffb1ec7c000 	C:\WINDOWS\System32\sechost.dll
0x00007ffb1e580000 - 0x00007ffb1e6a6000 	C:\WINDOWS\System32\RPCRT4.dll
0x00007ffb1ec80000 - 0x00007ffb1ee1d000 	C:\WINDOWS\System32\USER32.dll
0x00007ffb1d730000 - 0x00007ffb1d752000 	C:\WINDOWS\System32\win32u.dll
0x00007ffb1e010000 - 0x00007ffb1e03b000 	C:\WINDOWS\System32\GDI32.dll
0x00007ffb1de10000 - 0x00007ffb1df20000 	C:\WINDOWS\System32\gdi32full.dll
0x00007ffb1d620000 - 0x00007ffb1d6bd000 	C:\WINDOWS\System32\msvcp_win.dll
0x00007ffb1da70000 - 0x00007ffb1db70000 	C:\WINDOWS\System32\ucrtbase.dll
0x00007ffb0c0a0000 - 0x00007ffb0c33a000 	C:\WINDOWS\WinSxS\amd64_microsoft.windows.common-controls_6595b64144ccf1df_6.0.19041.1110_none_60b5254171f9507e\COMCTL32.dll
0x00007ffb1fea0000 - 0x00007ffb1fed0000 	C:\WINDOWS\System32\IMM32.DLL
0x0000000063f10000 - 0x0000000063fe2000 	C:\Program Files\Java\jdk1.8.0_111\jre\bin\msvcr100.dll
0x0000000063ff0000 - 0x000000006488a000 	C:\Program Files\Java\jdk1.8.0_111\jre\bin\server\jvm.dll
0x00007ffb1e290000 - 0x00007ffb1e298000 	C:\WINDOWS\System32\PSAPI.DLL
0x00007ffb0d500000 - 0x00007ffb0d509000 	C:\WINDOWS\SYSTEM32\WSOCK32.dll
0x00007ffb1f620000 - 0x00007ffb1f68b000 	C:\WINDOWS\System32\WS2_32.dll
0x00007ffb06df0000 - 0x00007ffb06e17000 	C:\WINDOWS\SYSTEM32\WINMM.dll
0x00007ffb17700000 - 0x00007ffb1770a000 	C:\WINDOWS\SYSTEM32\VERSION.dll
0x0000000063ec0000 - 0x0000000063ecf000 	C:\Program Files\Java\jdk1.8.0_111\jre\bin\verify.dll
0x0000000063e90000 - 0x0000000063eb9000 	C:\Program Files\Java\jdk1.8.0_111\jre\bin\java.dll
0x0000000063e70000 - 0x0000000063e86000 	C:\Program Files\Java\jdk1.8.0_111\jre\bin\zip.dll
0x00007ffb1eed0000 - 0x00007ffb1f614000 	C:\WINDOWS\System32\SHELL32.dll
0x00007ffb1b700000 - 0x00007ffb1be93000 	C:\WINDOWS\SYSTEM32\windows.storage.dll
0x00007ffb1e6b0000 - 0x00007ffb1ea04000 	C:\WINDOWS\System32\combase.dll
0x00007ffb1cfa0000 - 0x00007ffb1cfce000 	C:\WINDOWS\SYSTEM32\Wldp.dll
0x00007ffb1e4d0000 - 0x00007ffb1e57d000 	C:\WINDOWS\System32\SHCORE.dll
0x00007ffb1e350000 - 0x00007ffb1e3a5000 	C:\WINDOWS\System32\shlwapi.dll
0x00007ffb1d560000 - 0x00007ffb1d57f000 	C:\WINDOWS\SYSTEM32\profapi.dll
0x0000000069ac0000 - 0x0000000069ae4000 	C:\Users\Guille\AppData\Local\Temp\jansi-2.3.4-e279b90174ec1a7b-jansi.dll
0x0000000063e50000 - 0x0000000063e6a000 	C:\Program Files\Java\jdk1.8.0_111\jre\bin\net.dll
0x00007ffb1cd00000 - 0x00007ffb1cd6a000 	C:\WINDOWS\system32\mswsock.dll
0x0000000063e30000 - 0x0000000063e41000 	C:\Program Files\Java\jdk1.8.0_111\jre\bin\nio.dll

VM Arguments:
jvm_args: -Dclassworlds.conf=C:\Program Files\Java\apache-maven-3.8.2\bin\m2.conf -Dmaven.home=C:\Program Files\Java\apache-maven-3.8.2 -Dmaven.multiModuleProjectDirectory=E:\Programacion desde cero\Fullstack\Portfolio - Ejercicios\adiestramiento 
java_command: org.codehaus.plexus.classworlds.launcher.Launcher -Dmaven.ext.class.path=C:\Program Files\NetBeans 8.2\java\maven-nblib\netbeans-eventspy.jar -Dfile.encoding=UTF-8 clean install
java_class_path (initial): C:\Program Files\Java\apache-maven-3.8.2\boot\plexus-classworlds-2.6.0.jar
Launcher Type: SUN_STANDARD

Environment Variables:
JAVA_HOME=C:\Program Files\Java\jdk1.8.0_111
PATH=C:\Program Files (x86)\Common Files\Oracle\Java\javapath;C:\ProgramData\Oracle\Java\javapath;C:\WINDOWS\system32;C:\WINDOWS;C:\WINDOWS\System32\Wbem;C:\WINDOWS\System32\WindowsPowerShell\v1.0\;C:\WINDOWS\System32\OpenSSH\;C:\Program Files\dotnet\;C:\Program Files\Git\cmd;C:\Program Files\Java\jdk1.8.0_111\bin;C:\Program Files\Java\apache-maven-3.8.2\bin;C:\Program Files\Java\jdk1.8.0_111\bin;C:\Program Files\Java\jre1.8.0_361\bin;C:\Users\Guille\AppData\Local\Microsoft\WindowsApps;C:\Users\Guille\AppData\Local\Programs\Microsoft VS Code\bin
USERNAME=Guille
OS=Windows_NT
PROCESSOR_IDENTIFIER=Intel64 Family 6 Model 58 Stepping 9, GenuineIntel



---------------  S Y S T E M  ---------------

OS: Windows 10.0 , 64 bit Build 19041 (10.0.19041.2788)

CPU:total 4 (4 cores per cpu, 1 threads per core) family 6 model 58 stepping 9, cmov, cx8, fxsr, mmx, sse, sse2, sse3, ssse3, sse4.1, sse4.2, popcnt, avx, aes, clmul, erms, tsc, tscinvbit, tscinv

Memory: 4k page, physical 16649476k(4663416k free), swap 19647748k(4160k free)

vm_info: Java HotSpot(TM) 64-Bit Server VM (25.111-b14) for windows-amd64 JRE (1.8.0_111-b14), built on Sep 22 2016 19:24:05 by "java_re" with MS VC++ 10.0 (VS2010)

time: Mon May 08 19:29:12 2023
elapsed time: 10 seconds (0d 0h 0m 10s)

